{"/Users/hayden/Desktop/Personal/StreetGroupTechTest/src/screens/EditScreen/EditScreen.js": {"path":"/Users/hayden/Desktop/Personal/StreetGroupTechTest/src/screens/EditScreen/EditScreen.js","statementMap":{"0":{"start":{"line":5,"column":2},"end":{"line":9,"column":4}}},"fnMap":{"0":{"name":"EditScreen","decl":{"start":{"line":4,"column":24},"end":{"line":4,"column":34}},"loc":{"start":{"line":4,"column":37},"end":{"line":10,"column":1}},"line":4}},"branchMap":{},"s":{"0":2},"f":{"0":2},"b":{},"_coverageSchema":"1a1c01bbd47fc00a2c39e90264f33305004495a9","hash":"a83bf74da1f0ee862475ac614a6d8eee563a141a"}
,"/Users/hayden/Desktop/Personal/StreetGroupTechTest/src/screens/HomeScreen/HomeScreen.js": {"path":"/Users/hayden/Desktop/Personal/StreetGroupTechTest/src/screens/HomeScreen/HomeScreen.js","statementMap":{"0":{"start":{"line":5,"column":2},"end":{"line":14,"column":4}},"1":{"start":{"line":11,"column":23},"end":{"line":11,"column":50}}},"fnMap":{"0":{"name":"HomeScreen","decl":{"start":{"line":4,"column":24},"end":{"line":4,"column":34}},"loc":{"start":{"line":4,"column":51},"end":{"line":15,"column":1}},"line":4},"1":{"name":"(anonymous_1)","decl":{"start":{"line":11,"column":17},"end":{"line":11,"column":18}},"loc":{"start":{"line":11,"column":23},"end":{"line":11,"column":50}},"line":11}},"branchMap":{},"s":{"0":3,"1":1},"f":{"0":3,"1":1},"b":{},"_coverageSchema":"1a1c01bbd47fc00a2c39e90264f33305004495a9","hash":"3c4ebd186142881c6fecd8819f8d95d3a5b22fb7"}
}
