{"/Users/hayden/Desktop/Personal/StreetGroupTechTest/src/inset.js": {"path":"/Users/hayden/Desktop/Personal/StreetGroupTechTest/src/inset.js","statementMap":{},"fnMap":{},"branchMap":{},"s":{},"f":{},"b":{},"_coverageSchema":"1a1c01bbd47fc00a2c39e90264f33305004495a9","hash":"6508374d36775a951f9145321beb633621e1d652"}
,"/Users/hayden/Desktop/Personal/StreetGroupTechTest/src/screens/EditScreen/EditScreen.js": {"path":"/Users/hayden/Desktop/Personal/StreetGroupTechTest/src/screens/EditScreen/EditScreen.js","statementMap":{"0":{"start":{"line":21,"column":42},"end":{"line":21,"column":74}},"1":{"start":{"line":22,"column":38},"end":{"line":22,"column":68}},"2":{"start":{"line":24,"column":21},"end":{"line":24,"column":36}},"3":{"start":{"line":26,"column":21},"end":{"line":39,"column":3}},"4":{"start":{"line":27,"column":28},"end":{"line":29,"column":5}},"5":{"start":{"line":28,"column":16},"end":{"line":28,"column":51}},"6":{"start":{"line":31,"column":4},"end":{"line":31,"column":43}},"7":{"start":{"line":32,"column":4},"end":{"line":32,"column":39}},"8":{"start":{"line":33,"column":4},"end":{"line":33,"column":36}},"9":{"start":{"line":34,"column":4},"end":{"line":34,"column":32}},"10":{"start":{"line":36,"column":4},"end":{"line":36,"column":13}},"11":{"start":{"line":38,"column":4},"end":{"line":38,"column":58}},"12":{"start":{"line":41,"column":2},"end":{"line":122,"column":4}},"13":{"start":{"line":88,"column":34},"end":{"line":88,"column":64}},"14":{"start":{"line":100,"column":40},"end":{"line":100,"column":59}}},"fnMap":{"0":{"name":"EditScreen","decl":{"start":{"line":20,"column":24},"end":{"line":20,"column":34}},"loc":{"start":{"line":20,"column":58},"end":{"line":123,"column":1}},"line":20},"1":{"name":"(anonymous_1)","decl":{"start":{"line":26,"column":21},"end":{"line":26,"column":22}},"loc":{"start":{"line":26,"column":27},"end":{"line":39,"column":3}},"line":26},"2":{"name":"(anonymous_2)","decl":{"start":{"line":28,"column":6},"end":{"line":28,"column":7}},"loc":{"start":{"line":28,"column":16},"end":{"line":28,"column":51}},"line":28},"3":{"name":"(anonymous_3)","decl":{"start":{"line":88,"column":28},"end":{"line":88,"column":29}},"loc":{"start":{"line":88,"column":34},"end":{"line":88,"column":64}},"line":88},"4":{"name":"(anonymous_4)","decl":{"start":{"line":100,"column":30},"end":{"line":100,"column":31}},"loc":{"start":{"line":100,"column":40},"end":{"line":100,"column":59}},"line":100}},"branchMap":{},"s":{"0":4,"1":4,"2":4,"3":4,"4":1,"5":1,"6":1,"7":1,"8":1,"9":1,"10":1,"11":1,"12":4,"13":0,"14":1},"f":{"0":4,"1":1,"2":1,"3":0,"4":1},"b":{},"_coverageSchema":"1a1c01bbd47fc00a2c39e90264f33305004495a9","hash":"17ecec6e712258f1373f397dfaedaa93db53eca4"}
,"/Users/hayden/Desktop/Personal/StreetGroupTechTest/src/static/static.js": {"path":"/Users/hayden/Desktop/Personal/StreetGroupTechTest/src/static/static.js","statementMap":{"0":{"start":{"line":1,"column":34},"end":{"line":25,"column":1}}},"fnMap":{},"branchMap":{},"s":{"0":1},"f":{},"b":{},"_coverageSchema":"1a1c01bbd47fc00a2c39e90264f33305004495a9","hash":"32a2aaad6cf564afa19034a791b2652e2529201e"}
}
