TN:
SF:src/inset.js
FNF:0
FNH:0
LF:0
LH:0
BRF:0
BRH:0
end_of_record
TN:
SF:src/mockData.js
FNF:0
FNH:0
DA:1,2
DA:7,2
LF:2
LH:2
BRF:0
BRH:0
end_of_record
TN:
SF:src/components/BankHolidayCard/BankHolidayCard.js
FN:7,BankHolidayCard
FN:14,(anonymous_1)
FNF:2
FNH:0
FNDA:0,BankHolidayCard
FNDA:0,(anonymous_1)
DA:8,0
DA:9,0
DA:10,0
DA:12,0
DA:15,0
LF:5
LH:0
BRDA:52,0,0,0
BRDA:52,0,1,0
BRF:2
BRH:0
end_of_record
TN:
SF:src/components/DivisionDropdown/DivisionDropdown.js
FN:5,DivisionDropdown
FN:18,(anonymous_1)
FN:30,(anonymous_2)
FNF:3
FNH:0
FNDA:0,DivisionDropdown
FNDA:0,(anonymous_1)
FNDA:0,(anonymous_2)
DA:10,0
DA:18,0
DA:31,0
LF:3
LH:0
BRF:0
BRH:0
end_of_record
TN:
SF:src/components/Header/Header.js
FN:4,Header
FNF:1
FNH:1
FNDA:1,Header
DA:5,1
LF:1
LH:1
BRF:0
BRH:0
end_of_record
TN:
SF:src/hooks/useFetchData.js
FN:5,(anonymous_0)
FN:12,(anonymous_1)
FN:24,(anonymous_2)
FN:27,(anonymous_3)
FNF:4
FNH:4
FNDA:12,(anonymous_0)
FNDA:3,(anonymous_1)
FNDA:3,(anonymous_2)
FNDA:3,(anonymous_3)
DA:6,12
DA:7,12
DA:8,12
DA:10,12
DA:12,12
DA:13,3
DA:14,3
DA:15,3
DA:16,2
DA:18,1
DA:20,3
DA:24,12
DA:25,3
DA:27,3
DA:28,3
DA:32,12
LF:16
LH:16
BRF:0
BRH:0
end_of_record
TN:
SF:src/screens/EditScreen/EditScreen.js
FN:20,EditScreen
FN:26,(anonymous_1)
FN:28,(anonymous_2)
FN:88,(anonymous_3)
FN:100,(anonymous_4)
FNF:5
FNH:4
FNDA:4,EditScreen
FNDA:1,(anonymous_1)
FNDA:1,(anonymous_2)
FNDA:0,(anonymous_3)
FNDA:1,(anonymous_4)
DA:21,4
DA:22,4
DA:24,4
DA:26,4
DA:27,1
DA:28,1
DA:31,1
DA:32,1
DA:33,1
DA:34,1
DA:36,1
DA:38,1
DA:41,4
DA:88,0
DA:100,1
LF:15
LH:14
BRF:0
BRH:0
end_of_record
TN:
SF:src/screens/HomeScreen/HomeScreen.js
FN:10,HomeScreen
FN:53,(anonymous_1)
FNF:2
FNH:0
FNDA:0,HomeScreen
FNDA:0,(anonymous_1)
DA:11,0
DA:13,0
DA:17,0
DA:18,0
DA:28,0
DA:29,0
DA:36,0
DA:54,0
LF:8
LH:0
BRDA:17,0,0,0
BRDA:17,0,1,0
BRDA:28,1,0,0
BRDA:28,1,1,0
BRDA:51,2,0,0
BRDA:51,2,1,0
BRDA:51,2,2,0
BRF:7
BRH:0
end_of_record
TN:
SF:src/static/static.js
FNF:0
FNH:0
DA:1,1
LF:1
LH:1
BRF:0
BRH:0
end_of_record
TN:
SF:src/utils/utils.js
FN:3,(anonymous_0)
FN:7,(anonymous_1)
FN:11,(anonymous_2)
FN:21,(anonymous_3)
FN:28,(anonymous_4)
FN:31,(anonymous_5)
FNF:6
FNH:6
FNDA:5,(anonymous_0)
FNDA:15,(anonymous_1)
FNDA:960,(anonymous_2)
FNDA:963,(anonymous_3)
FNDA:17,(anonymous_4)
FNDA:34,(anonymous_5)
DA:3,3
DA:4,5
DA:5,5
DA:7,5
DA:8,15
DA:10,15
DA:12,960
DA:15,15
DA:18,5
DA:21,3
DA:22,963
DA:23,963
DA:25,963
DA:28,3
DA:29,17
DA:32,34
LF:16
LH:16
BRF:0
BRH:0
end_of_record
