TN:
SF:src/inset.js
FNF:0
FNH:0
LF:0
LH:0
BRF:0
BRH:0
end_of_record
TN:
SF:src/screens/EditScreen/EditScreen.js
FN:20,EditScreen
FN:26,(anonymous_1)
FN:28,(anonymous_2)
FN:88,(anonymous_3)
FN:100,(anonymous_4)
FNF:5
FNH:4
FNDA:4,EditScreen
FNDA:1,(anonymous_1)
FNDA:1,(anonymous_2)
FNDA:0,(anonymous_3)
FNDA:1,(anonymous_4)
DA:21,4
DA:22,4
DA:24,4
DA:26,4
DA:27,1
DA:28,1
DA:31,1
DA:32,1
DA:33,1
DA:34,1
DA:36,1
DA:38,1
DA:41,4
DA:88,0
DA:100,1
LF:15
LH:14
BRF:0
BRH:0
end_of_record
TN:
SF:src/static/static.js
FNF:0
FNH:0
DA:1,1
LF:1
LH:1
BRF:0
BRH:0
end_of_record
